<?xml version="1.0" encoding="UTF-8"?>
<!-- Generated by org.testng.reporters.JUnitXMLReporter -->
<testsuite ignored="0" hostname="Enthrall_IT" failures="0" tests="3" name="Default test" time="20.744" errors="0" timestamp="2022-09-26T20:49:56 EDT">
  <testcase classname="pages.HomePageTest" name="searchFieldTest" time="0.038"/>
  <testcase classname="pages.HomePageTest" name="startSellingTest01" time="7.381"/>
  <testcase classname="pages.HomePageTest" name="startSellingTest02" time="5.716"/>
</testsuite> <!-- Default test -->
