<?xml version="1.0" encoding="UTF-8"?>
<testng-results ignored="0" total="3" passed="3" failed="0" skipped="0">
  <reporter-output>
  </reporter-output>
  <suite started-at="2022-09-26T20:49:36 EDT" name="Default suite" finished-at="2022-09-26T20:49:56 EDT" duration-ms="20744">
    <groups>
    </groups>
    <test started-at="2022-09-26T20:49:36 EDT" name="Default test" finished-at="2022-09-26T20:49:56 EDT" duration-ms="20744">
      <class name="pages.HomePageTest">
        <test-method is-config="true" signature="setUp()[pri:0, instance:pages.HomePageTest@36916eb0]" started-at="2022-09-26T20:49:36 EDT" name="setUp" finished-at="2022-09-26T20:49:39 EDT" duration-ms="3746" status="PASS">
          <reporter-output>
          </reporter-output>
        </test-method> <!-- setUp -->
        <test-method signature="searchFieldTest()[pri:0, instance:pages.HomePageTest@36916eb0]" started-at="2022-09-26T20:49:39 EDT" name="searchFieldTest" finished-at="2022-09-26T20:49:39 EDT" duration-ms="38" status="PASS">
          <reporter-output>
          </reporter-output>
        </test-method> <!-- searchFieldTest -->
        <test-method is-config="true" signature="tearUp()[pri:0, instance:pages.HomePageTest@36916eb0]" started-at="2022-09-26T20:49:39 EDT" name="tearUp" finished-at="2022-09-26T20:49:39 EDT" duration-ms="119" status="PASS">
          <reporter-output>
          </reporter-output>
        </test-method> <!-- tearUp -->
        <test-method is-config="true" signature="setUp()[pri:0, instance:pages.HomePageTest@36916eb0]" started-at="2022-09-26T20:49:39 EDT" name="setUp" finished-at="2022-09-26T20:49:41 EDT" duration-ms="1683" status="PASS">
          <reporter-output>
          </reporter-output>
        </test-method> <!-- setUp -->
        <test-method signature="startSellingTest01()[pri:0, instance:pages.HomePageTest@36916eb0]" started-at="2022-09-26T20:49:41 EDT" name="startSellingTest01" finished-at="2022-09-26T20:49:49 EDT" duration-ms="7381" status="PASS">
          <reporter-output>
          </reporter-output>
        </test-method> <!-- startSellingTest01 -->
        <test-method is-config="true" signature="tearUp()[pri:0, instance:pages.HomePageTest@36916eb0]" started-at="2022-09-26T20:49:49 EDT" name="tearUp" finished-at="2022-09-26T20:49:49 EDT" duration-ms="171" status="PASS">
          <reporter-output>
          </reporter-output>
        </test-method> <!-- tearUp -->
        <test-method is-config="true" signature="setUp()[pri:0, instance:pages.HomePageTest@36916eb0]" started-at="2022-09-26T20:49:49 EDT" name="setUp" finished-at="2022-09-26T20:49:50 EDT" duration-ms="1734" status="PASS">
          <reporter-output>
          </reporter-output>
        </test-method> <!-- setUp -->
        <test-method signature="startSellingTest02()[pri:0, instance:pages.HomePageTest@36916eb0]" started-at="2022-09-26T20:49:50 EDT" name="startSellingTest02" finished-at="2022-09-26T20:49:56 EDT" duration-ms="5716" status="PASS">
          <reporter-output>
          </reporter-output>
        </test-method> <!-- startSellingTest02 -->
        <test-method is-config="true" signature="tearUp()[pri:0, instance:pages.HomePageTest@36916eb0]" started-at="2022-09-26T20:49:56 EDT" name="tearUp" finished-at="2022-09-26T20:49:56 EDT" duration-ms="124" status="PASS">
          <reporter-output>
          </reporter-output>
        </test-method> <!-- tearUp -->
      </class> <!-- pages.HomePageTest -->
    </test> <!-- Default test -->
  </suite> <!-- Default suite -->
</testng-results>
